Arguments: 
  /usr/bin/node /usr/share/yarn/bin/yarn.js init settings-bill-expressjs

PATH: 
  /usr/local/sbin:/usr/local/bin:/usr/sbin:/usr/bin:/sbin:/bin:/usr/games:/usr/local/games:/snap/bin

Yarn version: 
  1.22.5

Node version: 
  14.17.2

Platform: 
  linux x64

Trace: 
  Error: canceled
      at Interface.<anonymous> (/usr/share/yarn/lib/cli.js:137009:13)
      at Interface.emit (events.js:375:28)
      at Interface._ttyWrite (readline.js:910:16)
      at ReadStream.onkeypress (readline.js:235:10)
      at ReadStream.emit (events.js:375:28)
      at emitKeys (internal/readline/utils.js:358:14)
      at emitKeys.next (<anonymous>)
      at ReadStream.onData (readline.js:1179:36)
      at ReadStream.emit (events.js:375:28)
      at addChunk (internal/streams/readable.js:290:12)

npm manifest: 
  {
    "name": "settings-bill-expressjs",
    "version": "1.0.0",
    "description": "[![Build Status](https://travis-ci.com/Ishmael-sikhikhi/settings-bill-expressjs.svg?branch=main)](https://travis-ci.com/Ishmael-sikhikhi/settings-bill-expressjs)",
    "main": "index.js",
    "scripts": {
      "test": "mocha"
    },
    "keywords": [],
    "author": "",
    "license": "ISC",
    "dependencies": {
      "body-parser": "^1.19.0",
      "express": "^4.17.1",
      "express-handlebars": "^5.3.2",
      "moment": "^2.29.1"
    },
    "directories": {
      "test": "test"
    },
    "devDependencies": {
      "mocha": "^9.0.3"
    },
    "repository": {
      "type": "git",
      "url": "git+https://github.com/Ishmael-sikhikhi/settings-bill-expressjs.git"
    },
    "bugs": {
      "url": "https://github.com/Ishmael-sikhikhi/settings-bill-expressjs/issues"
    },
    "homepage": "https://github.com/Ishmael-sikhikhi/settings-bill-expressjs#readme"
  }

yarn manifest: 
  No manifest

Lockfile: 
  No lockfile
